[debug] [2019-11-16T20:01:55.843Z] ----------------------------------------------------------------------
[debug] [2019-11-16T20:01:55.846Z] Command:       C:\Program Files\nodejs\node.exe C:\Users\nazar\AppData\Roaming\npm\node_modules\firebase-tools\lib\bin\firebase.js deploy
[debug] [2019-11-16T20:01:55.847Z] CLI Version:   7.7.0
[debug] [2019-11-16T20:01:55.847Z] Platform:      win32
[debug] [2019-11-16T20:01:55.847Z] Node Version:  v10.16.3
[debug] [2019-11-16T20:01:56.042Z] Time:          Sat Nov 16 2019 17:01:55 GMT-0300 (GMT-03:00)
[debug] [2019-11-16T20:01:56.042Z] ----------------------------------------------------------------------
[debug] [2019-11-16T20:01:56.042Z] 
[debug] [2019-11-16T20:01:56.144Z] > command requires scopes: ["email","openid","https://www.googleapis.com/auth/cloudplatformprojects.readonly","https://www.googleapis.com/auth/firebase","https://www.googleapis.com/auth/cloud-platform"]
[debug] [2019-11-16T20:01:56.145Z] > authorizing via signed-in user
[debug] [2019-11-16T20:01:56.146Z] [iam] checking project taller-de-ajedrez-12741 for permissions ["firebase.projects.get","firebasehosting.sites.update"]
[debug] [2019-11-16T20:01:56.149Z] > refreshing access token with scopes: ["email","https://www.googleapis.com/auth/cloud-platform","https://www.googleapis.com/auth/cloudplatformprojects.readonly","https://www.googleapis.com/auth/firebase","openid"]
[debug] [2019-11-16T20:01:56.149Z] >>> HTTP REQUEST POST https://www.googleapis.com/oauth2/v3/token  
 <request body omitted>
[debug] [2019-11-16T20:01:56.441Z] <<< HTTP RESPONSE 200
[debug] [2019-11-16T20:01:56.586Z] >>> HTTP REQUEST POST https://cloudresourcemanager.googleapis.com/v1/projects/taller-de-ajedrez-12741:testIamPermissions  

[debug] [2019-11-16T20:01:57.844Z] <<< HTTP RESPONSE 200
[debug] [2019-11-16T20:01:57.847Z] >>> HTTP REQUEST GET https://firebase.googleapis.com/v1beta1/projects/taller-de-ajedrez-12741  
 
[debug] [2019-11-16T20:01:59.159Z] <<< HTTP RESPONSE 200
[info] 
[info] === Deploying to 'taller-de-ajedrez-12741'...
[info] 
[info] i  deploying hosting
[debug] [2019-11-16T20:01:59.167Z] >>> HTTP REQUEST POST https://firebasehosting.googleapis.com/v1beta1/sites/taller-de-ajedrez-12741/versions  

[debug] [2019-11-16T20:02:01.379Z] <<< HTTP RESPONSE 200
[info] i  hosting[taller-de-ajedrez-12741]: beginning deploy...
[info] i  hosting[taller-de-ajedrez-12741]: found 3272 files in dist/tallerdeajedrez
[debug] [2019-11-16T20:02:05.474Z] >>> HTTP REQUEST POST https://firebasehosting.googleapis.com/v1beta1/sites/taller-de-ajedrez-12741/versions/0f9e0805adff8e98:populateFiles  
 <request body omitted>
[debug] [2019-11-16T20:02:08.709Z] >>> HTTP REQUEST POST https://firebasehosting.googleapis.com/v1beta1/sites/taller-de-ajedrez-12741/versions/0f9e0805adff8e98:populateFiles  
 <request body omitted>
[debug] [2019-11-16T20:02:13.053Z] >>> HTTP REQUEST POST https://firebasehosting.googleapis.com/v1beta1/sites/taller-de-ajedrez-12741/versions/0f9e0805adff8e98:populateFiles  
 <request body omitted>
[debug] [2019-11-16T20:02:14.536Z] [hosting] hash cache [ZGlzdFx0YWxsZXJkZWFqZWRyZXo] stored for 3272 files
[debug] [2019-11-16T20:02:14.537Z] [hosting][hash queue][FINAL]
[debug] [2019-11-16T20:02:14.537Z] >>> HTTP REQUEST POST https://firebasehosting.googleapis.com/v1beta1/sites/taller-de-ajedrez-12741/versions/0f9e0805adff8e98:populateFiles  
 <request body omitted>
[debug] [2019-11-16T20:02:17.556Z] <<< HTTP RESPONSE 200
[debug] [2019-11-16T20:02:18.258Z] <<< HTTP RESPONSE 200
[debug] [2019-11-16T20:02:18.992Z] <<< HTTP RESPONSE 200
[debug] [2019-11-16T20:02:20.546Z] [hosting][upload]
[debug] [2019-11-16T20:02:22.736Z] <<< HTTP RESPONSE 200
[debug] [2019-11-16T20:02:22.738Z] [hosting][populate queue][FINAL]
[debug] [2019-11-16T20:02:22.738Z] [hosting] uploads queued: 1053
